mode: set
github.com/freiheit-com/kuberpult/cli/pkg/cli_utils/repeated_types.go:31.47,34.2 2 1
github.com/freiheit-com/kuberpult/cli/pkg/cli_utils/repeated_types.go:36.43,38.2 1 1
github.com/freiheit-com/kuberpult/cli/pkg/cli_utils/repeated_types.go:44.44,46.16 2 1
github.com/freiheit-com/kuberpult/cli/pkg/cli_utils/repeated_types.go:46.16,48.3 1 1
github.com/freiheit-com/kuberpult/cli/pkg/cli_utils/repeated_types.go:49.2,50.12 2 1
github.com/freiheit-com/kuberpult/cli/pkg/cli_utils/repeated_types.go:53.40,55.34 2 1
github.com/freiheit-com/kuberpult/cli/pkg/cli_utils/repeated_types.go:55.34,57.3 1 1
github.com/freiheit-com/kuberpult/cli/pkg/cli_utils/repeated_types.go:58.2,58.43 1 1
github.com/freiheit-com/kuberpult/cli/pkg/cmd/cli.go:33.15,35.16 2 0
github.com/freiheit-com/kuberpult/cli/pkg/cmd/cli.go:35.16,37.3 1 0
github.com/freiheit-com/kuberpult/cli/pkg/cmd/cli.go:39.2,39.21 1 0
github.com/freiheit-com/kuberpult/cli/pkg/cmd/cli.go:39.21,41.3 1 0
github.com/freiheit-com/kuberpult/cli/pkg/cmd/cli.go:43.2,46.79 3 0
github.com/freiheit-com/kuberpult/cli/pkg/cmd/cli.go:46.79,48.3 1 0
github.com/freiheit-com/kuberpult/cli/pkg/cmd/cli.go:50.2,50.86 1 0
github.com/freiheit-com/kuberpult/cli/pkg/cmd/cli.go:50.86,52.3 1 0
github.com/freiheit-com/kuberpult/cli/pkg/cmd/cli.go:54.2,54.20 1 0
github.com/freiheit-com/kuberpult/cli/pkg/cmd/cli.go:55.14,56.27 1 0
github.com/freiheit-com/kuberpult/cli/pkg/cmd/cli.go:57.17,58.43 1 0
github.com/freiheit-com/kuberpult/cli/pkg/cmd/cli.go:59.10,60.50 1 0
github.com/freiheit-com/kuberpult/cli/pkg/cmd/handlers.go:26.77,29.16 2 0
github.com/freiheit-com/kuberpult/cli/pkg/cmd/handlers.go:29.16,31.3 1 0
github.com/freiheit-com/kuberpult/cli/pkg/cmd/handlers.go:33.2,40.79 2 0
github.com/freiheit-com/kuberpult/cli/pkg/cmd/handlers.go:40.79,42.3 1 0
github.com/freiheit-com/kuberpult/cli/pkg/cmd/parsing.go:31.71,40.39 6 1
github.com/freiheit-com/kuberpult/cli/pkg/cmd/parsing.go:40.39,42.3 1 1
github.com/freiheit-com/kuberpult/cli/pkg/cmd/parsing.go:44.2,46.29 2 1
github.com/freiheit-com/kuberpult/cli/pkg/cmd/parsing.go:49.62,50.34 1 1
github.com/freiheit-com/kuberpult/cli/pkg/cmd/parsing.go:50.34,52.3 1 1
github.com/freiheit-com/kuberpult/cli/pkg/cmd/parsing.go:53.2,53.40 1 1
github.com/freiheit-com/kuberpult/cli/pkg/cmd/parsing.go:53.40,55.3 1 1
github.com/freiheit-com/kuberpult/cli/pkg/cmd/parsing.go:56.2,56.41 1 1
github.com/freiheit-com/kuberpult/cli/pkg/cmd/parsing.go:56.41,58.3 1 1
github.com/freiheit-com/kuberpult/cli/pkg/cmd/parsing.go:60.2,60.17 1 1
github.com/freiheit-com/kuberpult/cli/pkg/cmd/parsing.go:63.89,64.40 1 1
github.com/freiheit-com/kuberpult/cli/pkg/cmd/parsing.go:64.40,66.3 1 1
github.com/freiheit-com/kuberpult/cli/pkg/cmd/parsing.go:68.2,72.41 3 1
github.com/freiheit-com/kuberpult/cli/pkg/cmd/parsing.go:72.41,74.3 1 1
github.com/freiheit-com/kuberpult/cli/pkg/cmd/parsing.go:76.2,76.42 1 1
github.com/freiheit-com/kuberpult/cli/pkg/cmd/parsing.go:76.42,78.3 1 1
github.com/freiheit-com/kuberpult/cli/pkg/cmd/parsing.go:80.2,80.21 1 1
github.com/freiheit-com/kuberpult/cli/pkg/cmd/parsing.go:83.77,85.16 2 1
github.com/freiheit-com/kuberpult/cli/pkg/cmd/parsing.go:85.16,87.3 1 1
github.com/freiheit-com/kuberpult/cli/pkg/cmd/parsing.go:89.2,90.16 2 1
github.com/freiheit-com/kuberpult/cli/pkg/cmd/parsing.go:90.16,92.3 1 1
github.com/freiheit-com/kuberpult/cli/pkg/cmd/parsing.go:94.2,94.27 1 1
github.com/freiheit-com/kuberpult/cli/pkg/release/http.go:30.133,34.81 3 1
github.com/freiheit-com/kuberpult/cli/pkg/release/http.go:34.81,36.3 1 0
github.com/freiheit-com/kuberpult/cli/pkg/release/http.go:38.2,38.58 1 1
github.com/freiheit-com/kuberpult/cli/pkg/release/http.go:38.58,40.17 2 1
github.com/freiheit-com/kuberpult/cli/pkg/release/http.go:40.17,42.4 1 0
github.com/freiheit-com/kuberpult/cli/pkg/release/http.go:43.3,44.17 2 1
github.com/freiheit-com/kuberpult/cli/pkg/release/http.go:44.17,46.4 1 0
github.com/freiheit-com/kuberpult/cli/pkg/release/http.go:49.2,49.60 1 1
github.com/freiheit-com/kuberpult/cli/pkg/release/http.go:49.60,51.17 2 1
github.com/freiheit-com/kuberpult/cli/pkg/release/http.go:51.17,53.4 1 0
github.com/freiheit-com/kuberpult/cli/pkg/release/http.go:54.3,55.17 2 1
github.com/freiheit-com/kuberpult/cli/pkg/release/http.go:55.17,57.4 1 0
github.com/freiheit-com/kuberpult/cli/pkg/release/http.go:60.2,60.28 1 1
github.com/freiheit-com/kuberpult/cli/pkg/release/http.go:60.28,61.69 1 1
github.com/freiheit-com/kuberpult/cli/pkg/release/http.go:61.69,63.4 1 0
github.com/freiheit-com/kuberpult/cli/pkg/release/http.go:66.2,66.38 1 1
github.com/freiheit-com/kuberpult/cli/pkg/release/http.go:66.38,67.91 1 1
github.com/freiheit-com/kuberpult/cli/pkg/release/http.go:67.91,69.4 1 0
github.com/freiheit-com/kuberpult/cli/pkg/release/http.go:72.2,72.40 1 1
github.com/freiheit-com/kuberpult/cli/pkg/release/http.go:72.40,73.95 1 1
github.com/freiheit-com/kuberpult/cli/pkg/release/http.go:73.95,75.4 1 0
github.com/freiheit-com/kuberpult/cli/pkg/release/http.go:78.2,78.36 1 1
github.com/freiheit-com/kuberpult/cli/pkg/release/http.go:78.36,79.86 1 1
github.com/freiheit-com/kuberpult/cli/pkg/release/http.go:79.86,81.4 1 0
github.com/freiheit-com/kuberpult/cli/pkg/release/http.go:84.2,84.37 1 1
github.com/freiheit-com/kuberpult/cli/pkg/release/http.go:84.37,85.88 1 1
github.com/freiheit-com/kuberpult/cli/pkg/release/http.go:85.88,87.4 1 0
github.com/freiheit-com/kuberpult/cli/pkg/release/http.go:90.2,90.31 1 1
github.com/freiheit-com/kuberpult/cli/pkg/release/http.go:90.31,91.94 1 1
github.com/freiheit-com/kuberpult/cli/pkg/release/http.go:91.94,93.4 1 0
github.com/freiheit-com/kuberpult/cli/pkg/release/http.go:96.2,96.38 1 1
github.com/freiheit-com/kuberpult/cli/pkg/release/http.go:96.38,97.90 1 1
github.com/freiheit-com/kuberpult/cli/pkg/release/http.go:97.90,99.4 1 0
github.com/freiheit-com/kuberpult/cli/pkg/release/http.go:102.2,102.39 1 1
github.com/freiheit-com/kuberpult/cli/pkg/release/http.go:102.39,104.3 1 0
github.com/freiheit-com/kuberpult/cli/pkg/release/http.go:106.2,107.16 2 1
github.com/freiheit-com/kuberpult/cli/pkg/release/http.go:107.16,109.3 1 0
github.com/freiheit-com/kuberpult/cli/pkg/release/http.go:111.2,112.16 2 1
github.com/freiheit-com/kuberpult/cli/pkg/release/http.go:112.16,114.3 1 0
github.com/freiheit-com/kuberpult/cli/pkg/release/http.go:115.2,117.32 2 1
github.com/freiheit-com/kuberpult/cli/pkg/release/http.go:117.32,119.3 1 1
github.com/freiheit-com/kuberpult/cli/pkg/release/http.go:121.2,121.32 1 1
github.com/freiheit-com/kuberpult/cli/pkg/release/http.go:121.32,123.3 1 1
github.com/freiheit-com/kuberpult/cli/pkg/release/http.go:125.2,125.34 1 1
github.com/freiheit-com/kuberpult/cli/pkg/release/http.go:125.34,127.3 1 1
github.com/freiheit-com/kuberpult/cli/pkg/release/http.go:129.2,129.35 1 1
github.com/freiheit-com/kuberpult/cli/pkg/release/http.go:129.35,131.3 1 1
github.com/freiheit-com/kuberpult/cli/pkg/release/http.go:133.2,133.17 1 1
github.com/freiheit-com/kuberpult/cli/pkg/release/http.go:136.47,139.16 3 1
github.com/freiheit-com/kuberpult/cli/pkg/release/http.go:139.16,141.3 1 0
github.com/freiheit-com/kuberpult/cli/pkg/release/http.go:142.2,144.79 2 1
github.com/freiheit-com/kuberpult/cli/pkg/release/http.go:144.79,146.17 2 1
github.com/freiheit-com/kuberpult/cli/pkg/release/http.go:146.17,148.4 1 0
github.com/freiheit-com/kuberpult/cli/pkg/release/http.go:149.3,150.123 2 1
github.com/freiheit-com/kuberpult/cli/pkg/release/http.go:153.2,153.12 1 1
github.com/freiheit-com/kuberpult/cli/pkg/release/parsing.go:50.84,51.27 1 1
github.com/freiheit-com/kuberpult/cli/pkg/release/parsing.go:51.27,52.29 1 1
github.com/freiheit-com/kuberpult/cli/pkg/release/parsing.go:52.29,54.65 2 1
github.com/freiheit-com/kuberpult/cli/pkg/release/parsing.go:54.65,56.5 1 1
github.com/freiheit-com/kuberpult/cli/pkg/release/parsing.go:58.3,58.26 1 1
github.com/freiheit-com/kuberpult/cli/pkg/release/parsing.go:58.26,60.59 2 1
github.com/freiheit-com/kuberpult/cli/pkg/release/parsing.go:60.59,62.5 1 1
github.com/freiheit-com/kuberpult/cli/pkg/release/parsing.go:65.2,65.17 1 1
github.com/freiheit-com/kuberpult/cli/pkg/release/parsing.go:69.82,70.27 1 1
github.com/freiheit-com/kuberpult/cli/pkg/release/parsing.go:70.27,71.26 1 1
github.com/freiheit-com/kuberpult/cli/pkg/release/parsing.go:71.26,73.66 2 1
github.com/freiheit-com/kuberpult/cli/pkg/release/parsing.go:73.66,75.5 1 1
github.com/freiheit-com/kuberpult/cli/pkg/release/parsing.go:77.3,77.27 1 1
github.com/freiheit-com/kuberpult/cli/pkg/release/parsing.go:77.27,79.56 2 1
github.com/freiheit-com/kuberpult/cli/pkg/release/parsing.go:79.56,81.5 1 1
github.com/freiheit-com/kuberpult/cli/pkg/release/parsing.go:84.2,84.17 1 1
github.com/freiheit-com/kuberpult/cli/pkg/release/parsing.go:87.82,89.36 2 1
github.com/freiheit-com/kuberpult/cli/pkg/release/parsing.go:89.36,91.3 1 1
github.com/freiheit-com/kuberpult/cli/pkg/release/parsing.go:94.2,95.36 2 1
github.com/freiheit-com/kuberpult/cli/pkg/release/parsing.go:95.36,97.3 1 1
github.com/freiheit-com/kuberpult/cli/pkg/release/parsing.go:99.2,99.42 1 1
github.com/freiheit-com/kuberpult/cli/pkg/release/parsing.go:99.42,101.3 1 1
github.com/freiheit-com/kuberpult/cli/pkg/release/parsing.go:103.2,103.43 1 1
github.com/freiheit-com/kuberpult/cli/pkg/release/parsing.go:103.43,105.3 1 1
github.com/freiheit-com/kuberpult/cli/pkg/release/parsing.go:107.2,107.34 1 1
github.com/freiheit-com/kuberpult/cli/pkg/release/parsing.go:107.34,109.3 1 1
github.com/freiheit-com/kuberpult/cli/pkg/release/parsing.go:111.2,111.44 1 1
github.com/freiheit-com/kuberpult/cli/pkg/release/parsing.go:111.44,113.3 1 1
github.com/freiheit-com/kuberpult/cli/pkg/release/parsing.go:115.2,115.45 1 1
github.com/freiheit-com/kuberpult/cli/pkg/release/parsing.go:115.45,116.52 1 1
github.com/freiheit-com/kuberpult/cli/pkg/release/parsing.go:116.52,118.4 1 1
github.com/freiheit-com/kuberpult/cli/pkg/release/parsing.go:121.2,121.46 1 1
github.com/freiheit-com/kuberpult/cli/pkg/release/parsing.go:121.46,123.3 1 1
github.com/freiheit-com/kuberpult/cli/pkg/release/parsing.go:125.2,125.47 1 1
github.com/freiheit-com/kuberpult/cli/pkg/release/parsing.go:125.47,126.46 1 1
github.com/freiheit-com/kuberpult/cli/pkg/release/parsing.go:126.46,128.4 1 1
github.com/freiheit-com/kuberpult/cli/pkg/release/parsing.go:129.3,129.54 1 1
github.com/freiheit-com/kuberpult/cli/pkg/release/parsing.go:129.54,131.4 1 1
github.com/freiheit-com/kuberpult/cli/pkg/release/parsing.go:134.2,134.42 1 1
github.com/freiheit-com/kuberpult/cli/pkg/release/parsing.go:134.42,136.3 1 1
github.com/freiheit-com/kuberpult/cli/pkg/release/parsing.go:138.2,138.43 1 1
github.com/freiheit-com/kuberpult/cli/pkg/release/parsing.go:138.43,139.50 1 1
github.com/freiheit-com/kuberpult/cli/pkg/release/parsing.go:139.50,141.4 1 0
github.com/freiheit-com/kuberpult/cli/pkg/release/parsing.go:144.2,144.43 1 1
github.com/freiheit-com/kuberpult/cli/pkg/release/parsing.go:144.43,146.3 1 1
github.com/freiheit-com/kuberpult/cli/pkg/release/parsing.go:148.2,148.37 1 1
github.com/freiheit-com/kuberpult/cli/pkg/release/parsing.go:148.37,150.3 1 1
github.com/freiheit-com/kuberpult/cli/pkg/release/parsing.go:152.2,152.38 1 1
github.com/freiheit-com/kuberpult/cli/pkg/release/parsing.go:152.38,153.37 1 1
github.com/freiheit-com/kuberpult/cli/pkg/release/parsing.go:153.37,155.4 1 1
github.com/freiheit-com/kuberpult/cli/pkg/release/parsing.go:158.2,158.44 1 1
github.com/freiheit-com/kuberpult/cli/pkg/release/parsing.go:158.44,160.3 1 1
github.com/freiheit-com/kuberpult/cli/pkg/release/parsing.go:162.2,162.45 1 1
github.com/freiheit-com/kuberpult/cli/pkg/release/parsing.go:162.45,163.49 1 1
github.com/freiheit-com/kuberpult/cli/pkg/release/parsing.go:163.49,165.4 1 1
github.com/freiheit-com/kuberpult/cli/pkg/release/parsing.go:168.2,168.28 1 1
github.com/freiheit-com/kuberpult/cli/pkg/release/parsing.go:168.28,169.41 1 1
github.com/freiheit-com/kuberpult/cli/pkg/release/parsing.go:169.41,171.4 1 1
github.com/freiheit-com/kuberpult/cli/pkg/release/parsing.go:174.2,174.17 1 1
github.com/freiheit-com/kuberpult/cli/pkg/release/parsing.go:178.61,196.39 15 1
github.com/freiheit-com/kuberpult/cli/pkg/release/parsing.go:196.39,198.3 1 1
github.com/freiheit-com/kuberpult/cli/pkg/release/parsing.go:200.2,200.25 1 1
github.com/freiheit-com/kuberpult/cli/pkg/release/parsing.go:200.25,202.3 1 1
github.com/freiheit-com/kuberpult/cli/pkg/release/parsing.go:204.2,204.55 1 1
github.com/freiheit-com/kuberpult/cli/pkg/release/parsing.go:204.55,206.3 1 1
github.com/freiheit-com/kuberpult/cli/pkg/release/parsing.go:208.2,208.29 1 1
github.com/freiheit-com/kuberpult/cli/pkg/release/parsing.go:208.29,209.54 1 1
github.com/freiheit-com/kuberpult/cli/pkg/release/parsing.go:209.54,211.4 1 1
github.com/freiheit-com/kuberpult/cli/pkg/release/parsing.go:214.2,214.41 1 1
github.com/freiheit-com/kuberpult/cli/pkg/release/parsing.go:214.41,216.3 1 1
github.com/freiheit-com/kuberpult/cli/pkg/release/parsing.go:218.2,218.22 1 1
github.com/freiheit-com/kuberpult/cli/pkg/release/parsing.go:222.80,223.41 1 1
github.com/freiheit-com/kuberpult/cli/pkg/release/parsing.go:223.41,226.3 1 0
github.com/freiheit-com/kuberpult/cli/pkg/release/parsing.go:228.2,230.29 3 1
github.com/freiheit-com/kuberpult/cli/pkg/release/parsing.go:230.29,232.3 1 1
github.com/freiheit-com/kuberpult/cli/pkg/release/parsing.go:234.2,235.35 2 1
github.com/freiheit-com/kuberpult/cli/pkg/release/parsing.go:235.35,237.3 1 0
github.com/freiheit-com/kuberpult/cli/pkg/release/parsing.go:238.2,238.45 1 1
github.com/freiheit-com/kuberpult/cli/pkg/release/parsing.go:238.45,240.3 1 0
github.com/freiheit-com/kuberpult/cli/pkg/release/parsing.go:241.2,241.47 1 1
github.com/freiheit-com/kuberpult/cli/pkg/release/parsing.go:241.47,243.3 1 0
github.com/freiheit-com/kuberpult/cli/pkg/release/parsing.go:244.2,244.43 1 1
github.com/freiheit-com/kuberpult/cli/pkg/release/parsing.go:244.43,246.3 1 0
github.com/freiheit-com/kuberpult/cli/pkg/release/parsing.go:247.2,247.44 1 1
github.com/freiheit-com/kuberpult/cli/pkg/release/parsing.go:247.44,249.3 1 0
github.com/freiheit-com/kuberpult/cli/pkg/release/parsing.go:250.2,250.38 1 1
github.com/freiheit-com/kuberpult/cli/pkg/release/parsing.go:250.38,254.3 3 0
github.com/freiheit-com/kuberpult/cli/pkg/release/parsing.go:255.2,255.45 1 1
github.com/freiheit-com/kuberpult/cli/pkg/release/parsing.go:255.45,257.3 1 0
github.com/freiheit-com/kuberpult/cli/pkg/release/parsing.go:258.2,258.45 1 1
github.com/freiheit-com/kuberpult/cli/pkg/release/parsing.go:258.45,263.17 4 1
github.com/freiheit-com/kuberpult/cli/pkg/release/parsing.go:263.17,265.4 1 0
github.com/freiheit-com/kuberpult/cli/pkg/release/parsing.go:266.3,268.30 2 1
github.com/freiheit-com/kuberpult/cli/pkg/release/parsing.go:268.30,272.18 3 1
github.com/freiheit-com/kuberpult/cli/pkg/release/parsing.go:272.18,274.5 1 0
github.com/freiheit-com/kuberpult/cli/pkg/release/parsing.go:275.4,275.47 1 1
github.com/freiheit-com/kuberpult/cli/pkg/release/parsing.go:278.2,278.17 1 1
github.com/freiheit-com/kuberpult/cli/pkg/release/parsing.go:282.59,284.16 2 1
github.com/freiheit-com/kuberpult/cli/pkg/release/parsing.go:284.16,286.3 1 1
github.com/freiheit-com/kuberpult/cli/pkg/release/parsing.go:287.2,288.16 2 1
github.com/freiheit-com/kuberpult/cli/pkg/release/parsing.go:288.16,290.3 1 0
github.com/freiheit-com/kuberpult/cli/pkg/release/parsing.go:292.2,292.16 1 1
github.com/freiheit-com/kuberpult/cli/pkg/release/release.go:41.101,43.16 2 1
github.com/freiheit-com/kuberpult/cli/pkg/release/release.go:43.16,45.3 1 0
github.com/freiheit-com/kuberpult/cli/pkg/release/release.go:46.2,46.47 1 1
github.com/freiheit-com/kuberpult/cli/pkg/release/release.go:46.47,48.3 1 1
github.com/freiheit-com/kuberpult/cli/pkg/release/release.go:49.2,49.12 1 1
