mode: set
github.com/freiheit-com/kuberpult/services/cd-service/pkg/repository/deployment.go:39.19,41.16 2 1
github.com/freiheit-com/kuberpult/services/cd-service/pkg/repository/deployment.go:41.16,43.3 1 1
github.com/freiheit-com/kuberpult/services/cd-service/pkg/repository/deployment.go:44.2,44.64 1 1
github.com/freiheit-com/kuberpult/services/cd-service/pkg/repository/deployment.go:61.66,63.2 1 1
github.com/freiheit-com/kuberpult/services/cd-service/pkg/repository/deployment.go:65.71,67.2 1 1
github.com/freiheit-com/kuberpult/services/cd-service/pkg/repository/deployment.go:69.69,71.2 1 1
github.com/freiheit-com/kuberpult/services/cd-service/pkg/repository/deployment.go:96.29,99.16 3 1
github.com/freiheit-com/kuberpult/services/cd-service/pkg/repository/deployment.go:99.16,101.3 1 0
github.com/freiheit-com/kuberpult/services/cd-service/pkg/repository/deployment.go:102.2,102.20 1 1
github.com/freiheit-com/kuberpult/services/cd-service/pkg/repository/deployment.go:102.20,104.3 1 0
github.com/freiheit-com/kuberpult/services/cd-service/pkg/repository/deployment.go:105.2,108.16 3 1
github.com/freiheit-com/kuberpult/services/cd-service/pkg/repository/deployment.go:108.16,110.3 1 0
github.com/freiheit-com/kuberpult/services/cd-service/pkg/repository/deployment.go:112.2,113.16 2 1
github.com/freiheit-com/kuberpult/services/cd-service/pkg/repository/deployment.go:113.16,115.3 1 0
github.com/freiheit-com/kuberpult/services/cd-service/pkg/repository/deployment.go:117.2,118.16 2 1
github.com/freiheit-com/kuberpult/services/cd-service/pkg/repository/deployment.go:118.16,120.3 1 1
github.com/freiheit-com/kuberpult/services/cd-service/pkg/repository/deployment.go:122.2,126.16 3 1
github.com/freiheit-com/kuberpult/services/cd-service/pkg/repository/deployment.go:126.16,128.3 1 0
github.com/freiheit-com/kuberpult/services/cd-service/pkg/repository/deployment.go:129.2,130.16 2 1
github.com/freiheit-com/kuberpult/services/cd-service/pkg/repository/deployment.go:130.16,132.3 1 0
github.com/freiheit-com/kuberpult/services/cd-service/pkg/repository/deployment.go:133.2,134.16 2 1
github.com/freiheit-com/kuberpult/services/cd-service/pkg/repository/deployment.go:134.16,136.3 1 0
github.com/freiheit-com/kuberpult/services/cd-service/pkg/repository/deployment.go:138.2,142.16 3 1
github.com/freiheit-com/kuberpult/services/cd-service/pkg/repository/deployment.go:142.16,144.3 1 0
github.com/freiheit-com/kuberpult/services/cd-service/pkg/repository/deployment.go:146.2,147.83 2 1
github.com/freiheit-com/kuberpult/services/cd-service/pkg/repository/deployment.go:147.83,150.3 2 1
github.com/freiheit-com/kuberpult/services/cd-service/pkg/repository/deployment.go:151.2,152.28 2 1
github.com/freiheit-com/kuberpult/services/cd-service/pkg/repository/deployment.go:152.28,155.3 1 1
github.com/freiheit-com/kuberpult/services/cd-service/pkg/repository/deployment.go:157.2,167.8 1 1
github.com/freiheit-com/kuberpult/services/cd-service/pkg/repository/deployment.go:176.19,179.16 3 1
github.com/freiheit-com/kuberpult/services/cd-service/pkg/repository/deployment.go:179.16,181.3 1 1
github.com/freiheit-com/kuberpult/services/cd-service/pkg/repository/deployment.go:183.2,184.48 2 1
github.com/freiheit-com/kuberpult/services/cd-service/pkg/repository/deployment.go:184.48,186.109 1 1
github.com/freiheit-com/kuberpult/services/cd-service/pkg/repository/deployment.go:186.109,187.25 1 1
github.com/freiheit-com/kuberpult/services/cd-service/pkg/repository/deployment.go:187.25,189.40 2 1
github.com/freiheit-com/kuberpult/services/cd-service/pkg/repository/deployment.go:189.40,191.50 2 1
github.com/freiheit-com/kuberpult/services/cd-service/pkg/repository/deployment.go:191.50,193.12 2 1
github.com/freiheit-com/kuberpult/services/cd-service/pkg/repository/deployment.go:195.11,196.41 1 1
github.com/freiheit-com/kuberpult/services/cd-service/pkg/repository/deployment.go:196.41,198.51 2 1
github.com/freiheit-com/kuberpult/services/cd-service/pkg/repository/deployment.go:198.51,200.13 2 1
github.com/freiheit-com/kuberpult/services/cd-service/pkg/repository/deployment.go:202.12,204.52 2 1
github.com/freiheit-com/kuberpult/services/cd-service/pkg/repository/deployment.go:204.52,206.13 2 1
github.com/freiheit-com/kuberpult/services/cd-service/pkg/repository/deployment.go:210.5,211.47 2 1
github.com/freiheit-com/kuberpult/services/cd-service/pkg/repository/deployment.go:211.47,213.6 1 1
github.com/freiheit-com/kuberpult/services/cd-service/pkg/repository/deployment.go:213.11,217.20 4 1
github.com/freiheit-com/kuberpult/services/cd-service/pkg/repository/deployment.go:217.20,219.7 1 0
github.com/freiheit-com/kuberpult/services/cd-service/pkg/repository/deployment.go:221.5,221.35 1 1
github.com/freiheit-com/kuberpult/services/cd-service/pkg/repository/deployment.go:223.4,223.27 1 1
github.com/freiheit-com/kuberpult/services/cd-service/pkg/repository/deployment.go:224.33,230.51 2 1
github.com/freiheit-com/kuberpult/services/cd-service/pkg/repository/deployment.go:231.31,236.6 1 0
github.com/freiheit-com/kuberpult/services/cd-service/pkg/repository/deployment.go:241.2,242.16 2 1
github.com/freiheit-com/kuberpult/services/cd-service/pkg/repository/deployment.go:242.16,244.3 1 0
github.com/freiheit-com/kuberpult/services/cd-service/pkg/repository/deployment.go:246.2,249.111 3 1
github.com/freiheit-com/kuberpult/services/cd-service/pkg/repository/deployment.go:249.111,251.3 1 1
github.com/freiheit-com/kuberpult/services/cd-service/pkg/repository/deployment.go:251.8,253.3 1 1
github.com/freiheit-com/kuberpult/services/cd-service/pkg/repository/deployment.go:255.2,271.16 3 1
github.com/freiheit-com/kuberpult/services/cd-service/pkg/repository/deployment.go:271.16,273.3 1 0
github.com/freiheit-com/kuberpult/services/cd-service/pkg/repository/deployment.go:274.2,283.16 4 1
github.com/freiheit-com/kuberpult/services/cd-service/pkg/repository/deployment.go:283.16,285.3 1 0
github.com/freiheit-com/kuberpult/services/cd-service/pkg/repository/deployment.go:286.2,286.20 1 1
github.com/freiheit-com/kuberpult/services/cd-service/pkg/repository/deployment.go:286.20,292.56 2 1
github.com/freiheit-com/kuberpult/services/cd-service/pkg/repository/deployment.go:292.56,294.4 1 0
github.com/freiheit-com/kuberpult/services/cd-service/pkg/repository/deployment.go:296.2,296.23 1 1
github.com/freiheit-com/kuberpult/services/cd-service/pkg/repository/deployment.go:296.23,299.31 3 1
github.com/freiheit-com/kuberpult/services/cd-service/pkg/repository/deployment.go:299.31,301.4 1 1
github.com/freiheit-com/kuberpult/services/cd-service/pkg/repository/deployment.go:301.9,302.47 1 1
github.com/freiheit-com/kuberpult/services/cd-service/pkg/repository/deployment.go:302.47,304.5 1 0
github.com/freiheit-com/kuberpult/services/cd-service/pkg/repository/deployment.go:304.10,308.19 4 1
github.com/freiheit-com/kuberpult/services/cd-service/pkg/repository/deployment.go:308.19,310.6 1 0
github.com/freiheit-com/kuberpult/services/cd-service/pkg/repository/deployment.go:314.3,314.51 1 1
github.com/freiheit-com/kuberpult/services/cd-service/pkg/repository/deployment.go:314.51,316.47 1 1
github.com/freiheit-com/kuberpult/services/cd-service/pkg/repository/deployment.go:316.47,320.5 1 1
github.com/freiheit-com/kuberpult/services/cd-service/pkg/repository/deployment.go:320.10,322.26 2 1
github.com/freiheit-com/kuberpult/services/cd-service/pkg/repository/deployment.go:322.26,324.6 1 0
github.com/freiheit-com/kuberpult/services/cd-service/pkg/repository/deployment.go:324.11,329.34 5 1
github.com/freiheit-com/kuberpult/services/cd-service/pkg/repository/deployment.go:329.34,331.7 1 0
github.com/freiheit-com/kuberpult/services/cd-service/pkg/repository/deployment.go:331.12,333.21 2 1
github.com/freiheit-com/kuberpult/services/cd-service/pkg/repository/deployment.go:333.21,335.8 1 0
github.com/freiheit-com/kuberpult/services/cd-service/pkg/repository/deployment.go:340.9,343.4 1 1
github.com/freiheit-com/kuberpult/services/cd-service/pkg/repository/deployment.go:346.2,346.101 1 1
github.com/freiheit-com/kuberpult/services/cd-service/pkg/repository/deployment.go:349.118,351.16 2 1
github.com/freiheit-com/kuberpult/services/cd-service/pkg/repository/deployment.go:351.16,353.3 1 0
github.com/freiheit-com/kuberpult/services/cd-service/pkg/repository/deployment.go:354.2,354.16 1 1
github.com/freiheit-com/kuberpult/services/cd-service/pkg/repository/deployment.go:354.16,356.3 1 0
github.com/freiheit-com/kuberpult/services/cd-service/pkg/repository/deployment.go:357.2,357.39 1 1
github.com/freiheit-com/kuberpult/services/cd-service/pkg/repository/deployment.go:357.39,359.3 1 1
github.com/freiheit-com/kuberpult/services/cd-service/pkg/repository/deployment.go:360.2,360.41 1 1
github.com/freiheit-com/kuberpult/services/cd-service/pkg/repository/deployment.go:363.138,370.24 2 1
github.com/freiheit-com/kuberpult/services/cd-service/pkg/repository/deployment.go:370.24,371.37 1 1
github.com/freiheit-com/kuberpult/services/cd-service/pkg/repository/deployment.go:371.37,373.4 1 1
github.com/freiheit-com/kuberpult/services/cd-service/pkg/repository/deployment.go:374.3,374.65 1 1
github.com/freiheit-com/kuberpult/services/cd-service/pkg/repository/deployment.go:376.2,376.12 1 1
github.com/freiheit-com/kuberpult/services/cd-service/pkg/repository/deployment.go:379.110,386.2 2 1
